[0.681s] Invoking command in '/home/vboxuser/ros2_ws/src/motor_driver': PYTHONPATH=/home/vboxuser/ros2_ws/build/motor_driver/prefix_override:/home/vboxuser/ros2_ws/install/motor_driver/lib/python3.10/site-packages:${PYTHONPATH} /usr/bin/python3 -W ignore:setup.py install is deprecated setup.py egg_info --egg-base ../../build/motor_driver build --build-base /home/vboxuser/ros2_ws/build/motor_driver/build install --record /home/vboxuser/ros2_ws/build/motor_driver/install.log --single-version-externally-managed install_data
[0.921s] running egg_info
[0.921s] writing ../../build/motor_driver/motor_driver.egg-info/PKG-INFO
[0.921s] writing dependency_links to ../../build/motor_driver/motor_driver.egg-info/dependency_links.txt
[0.921s] writing entry points to ../../build/motor_driver/motor_driver.egg-info/entry_points.txt
[0.921s] writing requirements to ../../build/motor_driver/motor_driver.egg-info/requires.txt
[0.921s] writing top-level names to ../../build/motor_driver/motor_driver.egg-info/top_level.txt
[0.923s] reading manifest file '../../build/motor_driver/motor_driver.egg-info/SOURCES.txt'
[0.923s] adding license file 'LICENSE'
[0.925s] writing manifest file '../../build/motor_driver/motor_driver.egg-info/SOURCES.txt'
[0.925s] running build
[0.925s] running build_py
[0.926s] running install
[0.926s] running install_lib
[0.930s] running install_data
[0.930s] running install_egg_info
[0.935s] removing '/home/vboxuser/ros2_ws/install/motor_driver/lib/python3.10/site-packages/motor_driver-0.0.0-py3.10.egg-info' (and everything under it)
[0.935s] Copying ../../build/motor_driver/motor_driver.egg-info to /home/vboxuser/ros2_ws/install/motor_driver/lib/python3.10/site-packages/motor_driver-0.0.0-py3.10.egg-info
[0.937s] running install_scripts
[0.958s] Installing node_driver script to /home/vboxuser/ros2_ws/install/motor_driver/lib/motor_driver
[0.958s] writing list of installed files to '/home/vboxuser/ros2_ws/build/motor_driver/install.log'
[0.982s] Invoked command in '/home/vboxuser/ros2_ws/src/motor_driver' returned '0': PYTHONPATH=/home/vboxuser/ros2_ws/build/motor_driver/prefix_override:/home/vboxuser/ros2_ws/install/motor_driver/lib/python3.10/site-packages:${PYTHONPATH} /usr/bin/python3 -W ignore:setup.py install is deprecated setup.py egg_info --egg-base ../../build/motor_driver build --build-base /home/vboxuser/ros2_ws/build/motor_driver/build install --record /home/vboxuser/ros2_ws/build/motor_driver/install.log --single-version-externally-managed install_data
