[0.789s] Invoking command in '/home/vboxuser/ros2_ws/src/motor_driver': PYTHONPATH=/home/vboxuser/ros2_ws/build/motor_driver/prefix_override:/home/vboxuser/ros2_ws/install/motor_driver/lib/python3.10/site-packages:${PYTHONPATH} /usr/bin/python3 -W ignore:setup.py install is deprecated setup.py egg_info --egg-base ../../build/motor_driver build --build-base /home/vboxuser/ros2_ws/build/motor_driver/build install --record /home/vboxuser/ros2_ws/build/motor_driver/install.log --single-version-externally-managed install_data
[1.081s] running egg_info
[1.082s] writing ../../build/motor_driver/motor_driver.egg-info/PKG-INFO
[1.082s] writing dependency_links to ../../build/motor_driver/motor_driver.egg-info/dependency_links.txt
[1.083s] writing entry points to ../../build/motor_driver/motor_driver.egg-info/entry_points.txt
[1.084s] writing requirements to ../../build/motor_driver/motor_driver.egg-info/requires.txt
[1.084s] writing top-level names to ../../build/motor_driver/motor_driver.egg-info/top_level.txt
[1.086s] reading manifest file '../../build/motor_driver/motor_driver.egg-info/SOURCES.txt'
[1.087s] adding license file 'LICENSE'
[1.087s] writing manifest file '../../build/motor_driver/motor_driver.egg-info/SOURCES.txt'
[1.088s] running build
[1.088s] running build_py
[1.091s] copying motor_driver/node_websocket.py -> /home/vboxuser/ros2_ws/build/motor_driver/build/lib/motor_driver
[1.091s] running install
[1.091s] running install_lib
[1.091s] copying /home/vboxuser/ros2_ws/build/motor_driver/build/lib/motor_driver/node_websocket.py -> /home/vboxuser/ros2_ws/install/motor_driver/lib/python3.10/site-packages/motor_driver
[1.091s] byte-compiling /home/vboxuser/ros2_ws/install/motor_driver/lib/python3.10/site-packages/motor_driver/node_websocket.py to node_websocket.cpython-310.pyc
[1.092s] running install_data
[1.092s] running install_egg_info
[1.097s] removing '/home/vboxuser/ros2_ws/install/motor_driver/lib/python3.10/site-packages/motor_driver-0.0.0-py3.10.egg-info' (and everything under it)
[1.097s] Copying ../../build/motor_driver/motor_driver.egg-info to /home/vboxuser/ros2_ws/install/motor_driver/lib/python3.10/site-packages/motor_driver-0.0.0-py3.10.egg-info
[1.097s] running install_scripts
[1.117s] Installing node_driver script to /home/vboxuser/ros2_ws/install/motor_driver/lib/motor_driver
[1.118s] Installing node_websocket script to /home/vboxuser/ros2_ws/install/motor_driver/lib/motor_driver
[1.119s] writing list of installed files to '/home/vboxuser/ros2_ws/build/motor_driver/install.log'
[1.145s] Invoked command in '/home/vboxuser/ros2_ws/src/motor_driver' returned '0': PYTHONPATH=/home/vboxuser/ros2_ws/build/motor_driver/prefix_override:/home/vboxuser/ros2_ws/install/motor_driver/lib/python3.10/site-packages:${PYTHONPATH} /usr/bin/python3 -W ignore:setup.py install is deprecated setup.py egg_info --egg-base ../../build/motor_driver build --build-base /home/vboxuser/ros2_ws/build/motor_driver/build install --record /home/vboxuser/ros2_ws/build/motor_driver/install.log --single-version-externally-managed install_data
