[0.811s] Invoking command in '/home/vboxuser/ros2_ws/src/motor_driver': PYTHONPATH=/home/vboxuser/ros2_ws/build/motor_driver/prefix_override:/home/vboxuser/ros2_ws/install/motor_driver/lib/python3.10/site-packages:${PYTHONPATH} /usr/bin/python3 -W ignore:setup.py install is deprecated setup.py egg_info --egg-base ../../build/motor_driver build --build-base /home/vboxuser/ros2_ws/build/motor_driver/build install --record /home/vboxuser/ros2_ws/build/motor_driver/install.log --single-version-externally-managed install_data
[1.117s] running egg_info
[1.117s] writing ../../build/motor_driver/motor_driver.egg-info/PKG-INFO
[1.121s] writing dependency_links to ../../build/motor_driver/motor_driver.egg-info/dependency_links.txt
[1.121s] writing entry points to ../../build/motor_driver/motor_driver.egg-info/entry_points.txt
[1.121s] writing requirements to ../../build/motor_driver/motor_driver.egg-info/requires.txt
[1.122s] writing top-level names to ../../build/motor_driver/motor_driver.egg-info/top_level.txt
[1.125s] reading manifest file '../../build/motor_driver/motor_driver.egg-info/SOURCES.txt'
[1.125s] adding license file 'LICENSE'
[1.126s] writing manifest file '../../build/motor_driver/motor_driver.egg-info/SOURCES.txt'
[1.126s] running build
[1.126s] running build_py
[1.127s] running install
[1.137s] running install_lib
[1.145s] running install_data
[1.145s] running install_egg_info
[1.145s] removing '/home/vboxuser/ros2_ws/install/motor_driver/lib/python3.10/site-packages/motor_driver-0.0.0-py3.10.egg-info' (and everything under it)
[1.145s] Copying ../../build/motor_driver/motor_driver.egg-info to /home/vboxuser/ros2_ws/install/motor_driver/lib/python3.10/site-packages/motor_driver-0.0.0-py3.10.egg-info
[1.145s] running install_scripts
[1.174s] Installing node_driver script to /home/vboxuser/ros2_ws/install/motor_driver/lib/motor_driver
[1.177s] Installing node_websocket script to /home/vboxuser/ros2_ws/install/motor_driver/lib/motor_driver
[1.178s] writing list of installed files to '/home/vboxuser/ros2_ws/build/motor_driver/install.log'
[1.214s] Invoked command in '/home/vboxuser/ros2_ws/src/motor_driver' returned '0': PYTHONPATH=/home/vboxuser/ros2_ws/build/motor_driver/prefix_override:/home/vboxuser/ros2_ws/install/motor_driver/lib/python3.10/site-packages:${PYTHONPATH} /usr/bin/python3 -W ignore:setup.py install is deprecated setup.py egg_info --egg-base ../../build/motor_driver build --build-base /home/vboxuser/ros2_ws/build/motor_driver/build install --record /home/vboxuser/ros2_ws/build/motor_driver/install.log --single-version-externally-managed install_data
