running egg_info
creating ../../build/python_package/python_package.egg-info
writing ../../build/python_package/python_package.egg-info/PKG-INFO
writing dependency_links to ../../build/python_package/python_package.egg-info/dependency_links.txt
writing entry points to ../../build/python_package/python_package.egg-info/entry_points.txt
writing requirements to ../../build/python_package/python_package.egg-info/requires.txt
writing top-level names to ../../build/python_package/python_package.egg-info/top_level.txt
writing manifest file '../../build/python_package/python_package.egg-info/SOURCES.txt'
reading manifest file '../../build/python_package/python_package.egg-info/SOURCES.txt'
adding license file 'LICENSE'
writing manifest file '../../build/python_package/python_package.egg-info/SOURCES.txt'
running build
running build_py
creating /home/vboxuser/ros2_ws/build/python_package/build
creating /home/vboxuser/ros2_ws/build/python_package/build/lib
creating /home/vboxuser/ros2_ws/build/python_package/build/lib/python_package
copying python_package/my_node.py -> /home/vboxuser/ros2_ws/build/python_package/build/lib/python_package
copying python_package/__init__.py -> /home/vboxuser/ros2_ws/build/python_package/build/lib/python_package
running install
running install_lib
creating /home/vboxuser/ros2_ws/install/python_package/lib/python3.10/site-packages/python_package
copying /home/vboxuser/ros2_ws/build/python_package/build/lib/python_package/my_node.py -> /home/vboxuser/ros2_ws/install/python_package/lib/python3.10/site-packages/python_package
copying /home/vboxuser/ros2_ws/build/python_package/build/lib/python_package/__init__.py -> /home/vboxuser/ros2_ws/install/python_package/lib/python3.10/site-packages/python_package
byte-compiling /home/vboxuser/ros2_ws/install/python_package/lib/python3.10/site-packages/python_package/my_node.py to my_node.cpython-310.pyc
byte-compiling /home/vboxuser/ros2_ws/install/python_package/lib/python3.10/site-packages/python_package/__init__.py to __init__.cpython-310.pyc
running install_data
creating /home/vboxuser/ros2_ws/install/python_package/share/ament_index
creating /home/vboxuser/ros2_ws/install/python_package/share/ament_index/resource_index
creating /home/vboxuser/ros2_ws/install/python_package/share/ament_index/resource_index/packages
copying resource/python_package -> /home/vboxuser/ros2_ws/install/python_package/share/ament_index/resource_index/packages
copying package.xml -> /home/vboxuser/ros2_ws/install/python_package/share/python_package
running install_egg_info
Copying ../../build/python_package/python_package.egg-info to /home/vboxuser/ros2_ws/install/python_package/lib/python3.10/site-packages/python_package-0.0.0-py3.10.egg-info
running install_scripts
Installing my_node script to /home/vboxuser/ros2_ws/install/python_package/lib/python_package
writing list of installed files to '/home/vboxuser/ros2_ws/build/python_package/install.log'
