[0.685s] Invoking command in '/home/vboxuser/ros2_ws/src/python_package': PYTHONPATH=/home/vboxuser/ros2_ws/build/python_package/prefix_override:/home/vboxuser/ros2_ws/install/python_package/lib/python3.10/site-packages:${PYTHONPATH} /usr/bin/python3 -W ignore:setup.py install is deprecated setup.py egg_info --egg-base ../../build/python_package build --build-base /home/vboxuser/ros2_ws/build/python_package/build install --record /home/vboxuser/ros2_ws/build/python_package/install.log --single-version-externally-managed install_data
[0.917s] running egg_info
[0.917s] creating ../../build/python_package/python_package.egg-info
[0.918s] writing ../../build/python_package/python_package.egg-info/PKG-INFO
[0.918s] writing dependency_links to ../../build/python_package/python_package.egg-info/dependency_links.txt
[0.918s] writing entry points to ../../build/python_package/python_package.egg-info/entry_points.txt
[0.919s] writing requirements to ../../build/python_package/python_package.egg-info/requires.txt
[0.919s] writing top-level names to ../../build/python_package/python_package.egg-info/top_level.txt
[0.919s] writing manifest file '../../build/python_package/python_package.egg-info/SOURCES.txt'
[0.921s] reading manifest file '../../build/python_package/python_package.egg-info/SOURCES.txt'
[0.921s] adding license file 'LICENSE'
[0.921s] writing manifest file '../../build/python_package/python_package.egg-info/SOURCES.txt'
[0.922s] running build
[0.922s] running build_py
[0.922s] creating /home/vboxuser/ros2_ws/build/python_package/build
[0.922s] creating /home/vboxuser/ros2_ws/build/python_package/build/lib
[0.922s] creating /home/vboxuser/ros2_ws/build/python_package/build/lib/python_package
[0.922s] copying python_package/my_node.py -> /home/vboxuser/ros2_ws/build/python_package/build/lib/python_package
[0.923s] copying python_package/__init__.py -> /home/vboxuser/ros2_ws/build/python_package/build/lib/python_package
[0.923s] running install
[0.923s] running install_lib
[0.928s] creating /home/vboxuser/ros2_ws/install/python_package/lib/python3.10/site-packages/python_package
[0.933s] copying /home/vboxuser/ros2_ws/build/python_package/build/lib/python_package/my_node.py -> /home/vboxuser/ros2_ws/install/python_package/lib/python3.10/site-packages/python_package
[0.933s] copying /home/vboxuser/ros2_ws/build/python_package/build/lib/python_package/__init__.py -> /home/vboxuser/ros2_ws/install/python_package/lib/python3.10/site-packages/python_package
[0.934s] byte-compiling /home/vboxuser/ros2_ws/install/python_package/lib/python3.10/site-packages/python_package/my_node.py to my_node.cpython-310.pyc
[0.935s] byte-compiling /home/vboxuser/ros2_ws/install/python_package/lib/python3.10/site-packages/python_package/__init__.py to __init__.cpython-310.pyc
[0.935s] running install_data
[0.935s] creating /home/vboxuser/ros2_ws/install/python_package/share/ament_index
[0.935s] creating /home/vboxuser/ros2_ws/install/python_package/share/ament_index/resource_index
[0.935s] creating /home/vboxuser/ros2_ws/install/python_package/share/ament_index/resource_index/packages
[0.935s] copying resource/python_package -> /home/vboxuser/ros2_ws/install/python_package/share/ament_index/resource_index/packages
[0.936s] copying package.xml -> /home/vboxuser/ros2_ws/install/python_package/share/python_package
[0.936s] running install_egg_info
[0.939s] Copying ../../build/python_package/python_package.egg-info to /home/vboxuser/ros2_ws/install/python_package/lib/python3.10/site-packages/python_package-0.0.0-py3.10.egg-info
[0.940s] running install_scripts
[0.964s] Installing my_node script to /home/vboxuser/ros2_ws/install/python_package/lib/python_package
[0.965s] writing list of installed files to '/home/vboxuser/ros2_ws/build/python_package/install.log'
[0.992s] Invoked command in '/home/vboxuser/ros2_ws/src/python_package' returned '0': PYTHONPATH=/home/vboxuser/ros2_ws/build/python_package/prefix_override:/home/vboxuser/ros2_ws/install/python_package/lib/python3.10/site-packages:${PYTHONPATH} /usr/bin/python3 -W ignore:setup.py install is deprecated setup.py egg_info --egg-base ../../build/python_package build --build-base /home/vboxuser/ros2_ws/build/python_package/build install --record /home/vboxuser/ros2_ws/build/python_package/install.log --single-version-externally-managed install_data
