[0.015s] Invoking command in '/home/vboxuser/ros2_ws/build/my_package': CMAKE_PREFIX_PATH=${CMAKE_PREFIX_PATH}:/opt/ros/iron /usr/bin/cmake /home/vboxuser/ros2_ws/src/my_package -DCMAKE_INSTALL_PREFIX=/home/vboxuser/ros2_ws/install/my_package
[0.098s] -- The C compiler identification is GNU 11.4.0
[0.180s] -- The CXX compiler identification is GNU 11.4.0
[0.189s] -- Detecting C compiler ABI info
[0.296s] -- Detecting C compiler ABI info - done
[0.304s] -- Check for working C compiler: /usr/bin/cc - skipped
[0.304s] -- Detecting C compile features
[0.304s] -- Detecting C compile features - done
[0.308s] -- Detecting CXX compiler ABI info
[0.415s] -- Detecting CXX compiler ABI info - done
[0.422s] -- Check for working CXX compiler: /usr/bin/c++ - skipped
[0.423s] -- Detecting CXX compile features
[0.424s] -- Detecting CXX compile features - done
[0.426s] -- Found ament_cmake: 2.0.4 (/opt/ros/iron/share/ament_cmake/cmake)
[0.616s] -- Found Python3: /usr/bin/python3.10 (found version "3.10.12") found components: Interpreter 
[0.703s] -- Found ament_lint_auto: 0.14.3 (/opt/ros/iron/share/ament_lint_auto/cmake)
[0.779s] -- Added test 'cppcheck' to perform static code analysis on C / C++ code
[0.779s] -- Configured cppcheck include dirs: $<BUILD_INTERFACE:/home/vboxuser/ros2_ws/src/my_package/include>
[0.779s] -- Configured cppcheck exclude dirs and/or files: 
[0.781s] -- Added test 'lint_cmake' to check CMake code style
[0.783s] -- Added test 'uncrustify' to check C / C++ code style
[0.783s] -- Configured uncrustify additional arguments: 
[0.785s] -- Added test 'xmllint' to check XML markup files
[0.787s] -- Configuring done
[0.799s] -- Generating done
[0.800s] -- Build files have been written to: /home/vboxuser/ros2_ws/build/my_package
[0.807s] Invoked command in '/home/vboxuser/ros2_ws/build/my_package' returned '0': CMAKE_PREFIX_PATH=${CMAKE_PREFIX_PATH}:/opt/ros/iron /usr/bin/cmake /home/vboxuser/ros2_ws/src/my_package -DCMAKE_INSTALL_PREFIX=/home/vboxuser/ros2_ws/install/my_package
[0.808s] Invoking command in '/home/vboxuser/ros2_ws/build/my_package': CMAKE_PREFIX_PATH=${CMAKE_PREFIX_PATH}:/opt/ros/iron /usr/bin/cmake --build /home/vboxuser/ros2_ws/build/my_package -- -j4 -l4
[0.886s] [ 50%] [32mBuilding CXX object CMakeFiles/my_node.dir/src/my_node.cpp.o[0m
[0.925s] [100%] [32m[1mLinking CXX executable my_node[0m
[0.989s] [100%] Built target my_node
[1.006s] Invoked command in '/home/vboxuser/ros2_ws/build/my_package' returned '0': CMAKE_PREFIX_PATH=${CMAKE_PREFIX_PATH}:/opt/ros/iron /usr/bin/cmake --build /home/vboxuser/ros2_ws/build/my_package -- -j4 -l4
[1.093s] Invoking command in '/home/vboxuser/ros2_ws/build/my_package': CMAKE_PREFIX_PATH=${CMAKE_PREFIX_PATH}:/opt/ros/iron /usr/bin/cmake --install /home/vboxuser/ros2_ws/build/my_package
[1.103s] -- Install configuration: ""
[1.103s] -- Installing: /home/vboxuser/ros2_ws/install/my_package/lib/my_package/my_node
[1.103s] -- Installing: /home/vboxuser/ros2_ws/install/my_package/share/ament_index/resource_index/package_run_dependencies/my_package
[1.104s] -- Installing: /home/vboxuser/ros2_ws/install/my_package/share/ament_index/resource_index/parent_prefix_path/my_package
[1.104s] -- Installing: /home/vboxuser/ros2_ws/install/my_package/share/my_package/environment/ament_prefix_path.sh
[1.104s] -- Installing: /home/vboxuser/ros2_ws/install/my_package/share/my_package/environment/ament_prefix_path.dsv
[1.104s] -- Installing: /home/vboxuser/ros2_ws/install/my_package/share/my_package/environment/path.sh
[1.105s] -- Installing: /home/vboxuser/ros2_ws/install/my_package/share/my_package/environment/path.dsv
[1.105s] -- Installing: /home/vboxuser/ros2_ws/install/my_package/share/my_package/local_setup.bash
[1.105s] -- Installing: /home/vboxuser/ros2_ws/install/my_package/share/my_package/local_setup.sh
[1.105s] -- Installing: /home/vboxuser/ros2_ws/install/my_package/share/my_package/local_setup.zsh
[1.105s] -- Installing: /home/vboxuser/ros2_ws/install/my_package/share/my_package/local_setup.dsv
[1.105s] -- Installing: /home/vboxuser/ros2_ws/install/my_package/share/my_package/package.dsv
[1.106s] -- Installing: /home/vboxuser/ros2_ws/install/my_package/share/ament_index/resource_index/packages/my_package
[1.106s] -- Installing: /home/vboxuser/ros2_ws/install/my_package/share/my_package/cmake/my_packageConfig.cmake
[1.106s] -- Installing: /home/vboxuser/ros2_ws/install/my_package/share/my_package/cmake/my_packageConfig-version.cmake
[1.106s] -- Installing: /home/vboxuser/ros2_ws/install/my_package/share/my_package/package.xml
[1.113s] Invoked command in '/home/vboxuser/ros2_ws/build/my_package' returned '0': CMAKE_PREFIX_PATH=${CMAKE_PREFIX_PATH}:/opt/ros/iron /usr/bin/cmake --install /home/vboxuser/ros2_ws/build/my_package
