running egg_info
writing ../../build/motor_driver/motor_driver.egg-info/PKG-INFO
writing dependency_links to ../../build/motor_driver/motor_driver.egg-info/dependency_links.txt
writing entry points to ../../build/motor_driver/motor_driver.egg-info/entry_points.txt
writing requirements to ../../build/motor_driver/motor_driver.egg-info/requires.txt
writing top-level names to ../../build/motor_driver/motor_driver.egg-info/top_level.txt
reading manifest file '../../build/motor_driver/motor_driver.egg-info/SOURCES.txt'
adding license file 'LICENSE'
writing manifest file '../../build/motor_driver/motor_driver.egg-info/SOURCES.txt'
running build
running build_py
copying motor_driver/node_driver.py -> /home/vboxuser/ros2_ws/build/motor_driver/build/lib/motor_driver
copying motor_driver/__init__.py -> /home/vboxuser/ros2_ws/build/motor_driver/build/lib/motor_driver
running install
running install_lib
copying /home/vboxuser/ros2_ws/build/motor_driver/build/lib/motor_driver/node_driver.py -> /home/vboxuser/ros2_ws/install/motor_driver/lib/python3.10/site-packages/motor_driver
copying /home/vboxuser/ros2_ws/build/motor_driver/build/lib/motor_driver/__init__.py -> /home/vboxuser/ros2_ws/install/motor_driver/lib/python3.10/site-packages/motor_driver
byte-compiling /home/vboxuser/ros2_ws/install/motor_driver/lib/python3.10/site-packages/motor_driver/node_driver.py to node_driver.cpython-310.pyc
byte-compiling /home/vboxuser/ros2_ws/install/motor_driver/lib/python3.10/site-packages/motor_driver/__init__.py to __init__.cpython-310.pyc
running install_data
copying resource/motor_driver -> /home/vboxuser/ros2_ws/install/motor_driver/share/ament_index/resource_index/packages
copying package.xml -> /home/vboxuser/ros2_ws/install/motor_driver/share/motor_driver
running install_egg_info
removing '/home/vboxuser/ros2_ws/install/motor_driver/lib/python3.10/site-packages/motor_driver-0.0.0-py3.10.egg-info' (and everything under it)
Copying ../../build/motor_driver/motor_driver.egg-info to /home/vboxuser/ros2_ws/install/motor_driver/lib/python3.10/site-packages/motor_driver-0.0.0-py3.10.egg-info
running install_scripts
Installing node_driver script to /home/vboxuser/ros2_ws/install/motor_driver/lib/motor_driver
writing list of installed files to '/home/vboxuser/ros2_ws/build/motor_driver/install.log'
