[0.658s] Invoking command in '/home/vboxuser/ros2_ws/src/motor_driver': PYTHONPATH=/home/vboxuser/ros2_ws/build/motor_driver/prefix_override:/home/vboxuser/ros2_ws/install/motor_driver/lib/python3.10/site-packages:${PYTHONPATH} /usr/bin/python3 -W ignore:setup.py install is deprecated setup.py egg_info --egg-base ../../build/motor_driver build --build-base /home/vboxuser/ros2_ws/build/motor_driver/build install --record /home/vboxuser/ros2_ws/build/motor_driver/install.log --single-version-externally-managed install_data
[0.910s] running egg_info
[0.911s] writing ../../build/motor_driver/motor_driver.egg-info/PKG-INFO
[0.913s] writing dependency_links to ../../build/motor_driver/motor_driver.egg-info/dependency_links.txt
[0.913s] writing entry points to ../../build/motor_driver/motor_driver.egg-info/entry_points.txt
[0.915s] writing requirements to ../../build/motor_driver/motor_driver.egg-info/requires.txt
[0.915s] writing top-level names to ../../build/motor_driver/motor_driver.egg-info/top_level.txt
[0.916s] reading manifest file '../../build/motor_driver/motor_driver.egg-info/SOURCES.txt'
[0.917s] adding license file 'LICENSE'
[0.918s] writing manifest file '../../build/motor_driver/motor_driver.egg-info/SOURCES.txt'
[0.918s] running build
[0.918s] running build_py
[0.918s] copying motor_driver/node_driver.py -> /home/vboxuser/ros2_ws/build/motor_driver/build/lib/motor_driver
[0.918s] copying motor_driver/__init__.py -> /home/vboxuser/ros2_ws/build/motor_driver/build/lib/motor_driver
[0.919s] running install
[0.920s] running install_lib
[0.920s] copying /home/vboxuser/ros2_ws/build/motor_driver/build/lib/motor_driver/node_driver.py -> /home/vboxuser/ros2_ws/install/motor_driver/lib/python3.10/site-packages/motor_driver
[0.920s] copying /home/vboxuser/ros2_ws/build/motor_driver/build/lib/motor_driver/__init__.py -> /home/vboxuser/ros2_ws/install/motor_driver/lib/python3.10/site-packages/motor_driver
[0.920s] byte-compiling /home/vboxuser/ros2_ws/install/motor_driver/lib/python3.10/site-packages/motor_driver/node_driver.py to node_driver.cpython-310.pyc
[0.922s] byte-compiling /home/vboxuser/ros2_ws/install/motor_driver/lib/python3.10/site-packages/motor_driver/__init__.py to __init__.cpython-310.pyc
[0.924s] running install_data
[0.925s] copying resource/motor_driver -> /home/vboxuser/ros2_ws/install/motor_driver/share/ament_index/resource_index/packages
[0.925s] copying package.xml -> /home/vboxuser/ros2_ws/install/motor_driver/share/motor_driver
[0.926s] running install_egg_info
[0.927s] removing '/home/vboxuser/ros2_ws/install/motor_driver/lib/python3.10/site-packages/motor_driver-0.0.0-py3.10.egg-info' (and everything under it)
[0.928s] Copying ../../build/motor_driver/motor_driver.egg-info to /home/vboxuser/ros2_ws/install/motor_driver/lib/python3.10/site-packages/motor_driver-0.0.0-py3.10.egg-info
[0.930s] running install_scripts
[0.950s] Installing node_driver script to /home/vboxuser/ros2_ws/install/motor_driver/lib/motor_driver
[0.951s] writing list of installed files to '/home/vboxuser/ros2_ws/build/motor_driver/install.log'
[0.982s] Invoked command in '/home/vboxuser/ros2_ws/src/motor_driver' returned '0': PYTHONPATH=/home/vboxuser/ros2_ws/build/motor_driver/prefix_override:/home/vboxuser/ros2_ws/install/motor_driver/lib/python3.10/site-packages:${PYTHONPATH} /usr/bin/python3 -W ignore:setup.py install is deprecated setup.py egg_info --egg-base ../../build/motor_driver build --build-base /home/vboxuser/ros2_ws/build/motor_driver/build install --record /home/vboxuser/ros2_ws/build/motor_driver/install.log --single-version-externally-managed install_data
